2013-11-09 11:42:59.0752 INFO Application started.
2013-11-09 11:43:20.5674 INFO admin@eqms.com login successful.
2013-11-09 11:45:54.8593 INFO admin@eqms.com login successful.
2013-11-09 11:47:49.4228 INFO Application started.
2013-11-09 11:49:04.5721 INFO nsinha@hotmail.com login successful.
2013-11-09 11:52:42.9106 INFO Application started.
2013-11-09 11:52:54.4573 INFO nsinha@hotmail.com login successful.
2013-11-09 11:53:29.7263 INFO admin@eqms.com login successful.
2013-11-09 11:53:51.1095 INFO    at Microsoft.Office.Interop.Word.Documents.Open(Object& FileName, Object& ConfirmConversions, Object& ReadOnly, Object& AddToRecentFiles, Object& PasswordDocument, Object& PasswordTemplate, Object& Revert, Object& WritePasswordDocument, Object& WritePasswordTemplate, Object& Format, Object& Encoding, Object& Visible, Object& OpenAndRepair, Object& DocumentDirection, Object& NoEncodingDialog, Object& XMLTransform)
   at Confluence.Blueprint.DocumentManager.DocConverter.WordDocConverter.Convert() in C:\My Folder\Projects\eqms\SourceCode\DocumentManager\DocConverter\WordDocConverter.cs:line 52
   at Confluence.Blueprint.DocumentManager.DocumentManager.ConvertToMht(String SourceFile, String FileType) in C:\My Folder\Projects\eqms\SourceCode\DocumentManager\DocumentManager.cs:line 70
   at Confluence.Blueprint.Web.Helpers.DocumentHelper.ConvertToMht(String SourceFile, String FileType) in C:\My Folder\Projects\eqms\SourceCode\Web\Helpers\DocumentHelper.cs:line 27
   at Confluence.Blueprint.Web.Controllers.DMS.DocumentLibraryController.Viewer(String SourceFile, String FileType, String DocNumber, String DocVer, String FileName) in C:\My Folder\Projects\eqms\SourceCode\Web\Controllers\DocumentLibrary\DocumentLibraryController.cs:line 176
2013-11-09 11:54:06.0663 INFO    at Microsoft.Office.Interop.Word.Documents.Open(Object& FileName, Object& ConfirmConversions, Object& ReadOnly, Object& AddToRecentFiles, Object& PasswordDocument, Object& PasswordTemplate, Object& Revert, Object& WritePasswordDocument, Object& WritePasswordTemplate, Object& Format, Object& Encoding, Object& Visible, Object& OpenAndRepair, Object& DocumentDirection, Object& NoEncodingDialog, Object& XMLTransform)
   at Confluence.Blueprint.DocumentManager.DocConverter.WordDocConverter.Convert() in C:\My Folder\Projects\eqms\SourceCode\DocumentManager\DocConverter\WordDocConverter.cs:line 52
   at Confluence.Blueprint.DocumentManager.DocumentManager.ConvertToMht(String SourceFile, String FileType) in C:\My Folder\Projects\eqms\SourceCode\DocumentManager\DocumentManager.cs:line 70
   at Confluence.Blueprint.Web.Helpers.DocumentHelper.ConvertToMht(String SourceFile, String FileType) in C:\My Folder\Projects\eqms\SourceCode\Web\Helpers\DocumentHelper.cs:line 27
   at Confluence.Blueprint.Web.Controllers.DMS.DocumentLibraryController.Viewer(String SourceFile, String FileType, String DocNumber, String DocVer, String FileName) in C:\My Folder\Projects\eqms\SourceCode\Web\Controllers\DocumentLibrary\DocumentLibraryController.cs:line 176
2013-11-09 11:54:32.4329 INFO    at Microsoft.Office.Interop.Word.Documents.Open(Object& FileName, Object& ConfirmConversions, Object& ReadOnly, Object& AddToRecentFiles, Object& PasswordDocument, Object& PasswordTemplate, Object& Revert, Object& WritePasswordDocument, Object& WritePasswordTemplate, Object& Format, Object& Encoding, Object& Visible, Object& OpenAndRepair, Object& DocumentDirection, Object& NoEncodingDialog, Object& XMLTransform)
   at Confluence.Blueprint.DocumentManager.DocConverter.WordDocConverter.Convert() in C:\My Folder\Projects\eqms\SourceCode\DocumentManager\DocConverter\WordDocConverter.cs:line 52
   at Confluence.Blueprint.DocumentManager.DocumentManager.ConvertToMht(String SourceFile, String FileType) in C:\My Folder\Projects\eqms\SourceCode\DocumentManager\DocumentManager.cs:line 70
   at Confluence.Blueprint.Web.Helpers.DocumentHelper.ConvertToMht(String SourceFile, String FileType) in C:\My Folder\Projects\eqms\SourceCode\Web\Helpers\DocumentHelper.cs:line 27
   at Confluence.Blueprint.Web.Controllers.DMS.DocumentLibraryController.Viewer(String SourceFile, String FileType, String DocNumber, String DocVer, String FileName) in C:\My Folder\Projects\eqms\SourceCode\Web\Controllers\DocumentLibrary\DocumentLibraryController.cs:line 176
2013-11-09 11:54:45.1876 INFO    at Microsoft.Office.Interop.Word.Documents.Open(Object& FileName, Object& ConfirmConversions, Object& ReadOnly, Object& AddToRecentFiles, Object& PasswordDocument, Object& PasswordTemplate, Object& Revert, Object& WritePasswordDocument, Object& WritePasswordTemplate, Object& Format, Object& Encoding, Object& Visible, Object& OpenAndRepair, Object& DocumentDirection, Object& NoEncodingDialog, Object& XMLTransform)
   at Confluence.Blueprint.DocumentManager.DocConverter.WordDocConverter.Convert() in C:\My Folder\Projects\eqms\SourceCode\DocumentManager\DocConverter\WordDocConverter.cs:line 52
   at Confluence.Blueprint.DocumentManager.DocumentManager.ConvertToMht(String SourceFile, String FileType) in C:\My Folder\Projects\eqms\SourceCode\DocumentManager\DocumentManager.cs:line 70
   at Confluence.Blueprint.Web.Helpers.DocumentHelper.ConvertToMht(String SourceFile, String FileType) in C:\My Folder\Projects\eqms\SourceCode\Web\Helpers\DocumentHelper.cs:line 27
   at Confluence.Blueprint.Web.Controllers.DMS.DocumentLibraryController.Viewer(String SourceFile, String FileType, String DocNumber, String DocVer, String FileName) in C:\My Folder\Projects\eqms\SourceCode\Web\Controllers\DocumentLibrary\DocumentLibraryController.cs:line 176
2013-11-09 12:01:47.1097 INFO Application started.
2013-11-09 12:02:10.5431 INFO admin@eqms.com login successful.
