2013-10-01 12:38:18.3503 INFO Application Started
2013-10-01 12:38:32.6691 INFO Login successful for user admin@eqms.com
2013-10-01 12:48:21.4027 INFO Application Started
2013-10-01 12:48:34.6285 INFO Login successful for user admin@eqms.com
2013-10-01 13:25:16.3404 INFO Application Started
2013-10-01 13:25:32.2103 INFO Login successful for user admin@eqms.com
2013-10-01 13:26:43.4594 INFO Application Started
2013-10-01 13:26:54.8311 INFO Login successful for user admin@eqms.com
2013-10-01 13:48:58.3578 INFO Application Started
2013-10-01 13:49:15.9888 INFO Login successful for user admin@eqms.com
2013-10-01 14:24:23.5783 INFO Application Started
2013-10-01 14:27:09.7558 INFO Application Started
2013-10-01 14:27:30.5070 INFO Application Started
2013-10-01 14:27:48.0870 INFO Login successful for user admin@eqms.com
2013-10-01 14:38:10.6206 INFO Application Started
2013-10-01 14:38:27.7696 INFO Login successful for user admin@eqms.com
2013-10-01 15:01:41.1583 INFO Application Started
2013-10-01 15:04:58.8546 INFO Application Started
2013-10-01 15:05:54.7028 INFO Application Started
2013-10-01 15:07:03.1267 INFO Application Started
2013-10-01 15:09:21.5306 INFO Application Started
2013-10-01 15:16:06.3398 INFO Application Started
2013-10-01 15:16:44.7180 INFO Application Started
2013-10-01 15:44:30.8903 INFO Application Started
2013-10-01 15:48:38.4314 INFO Application Started
2013-10-01 15:48:49.5121 INFO admin@eqms.com login failed. Invalid credentials.
2013-10-01 15:48:55.5674 INFO admin@eqms.com login successful.
2013-10-01 15:52:48.3357 INFO Application Started
2013-10-01 15:52:59.6234 INFO admin@eqms.com login successful.
2013-10-01 16:22:36.2360 INFO Application started.
2013-10-01 16:22:53.4680 INFO admin@eqms.com login successful.
2013-10-01 16:53:00.9854 INFO Application started.
2013-10-01 16:53:13.0401 INFO admin@eqms.com login successful.
