2013-11-01 12:40:19.7510 INFO Application started.
2013-11-01 12:53:15.7789 INFO Application started.
2013-11-01 13:48:57.6040 INFO Application started.
2013-11-01 21:40:34.7692 INFO Application started.
2013-11-01 21:40:59.6096 INFO    at Microsoft.Office.Interop.Word.Documents.Open(Object& FileName, Object& ConfirmConversions, Object& ReadOnly, Object& AddToRecentFiles, Object& PasswordDocument, Object& PasswordTemplate, Object& Revert, Object& WritePasswordDocument, Object& WritePasswordTemplate, Object& Format, Object& Encoding, Object& Visible, Object& OpenAndRepair, Object& DocumentDirection, Object& NoEncodingDialog, Object& XMLTransform)
   at Confluence.Blueprint.DocumentManager.DocConverter.WordDocConverter.Convert() in C:\My Folder\Projects\eqms\SourceCode\DocumentManager\DocConverter\WordDocConverter.cs:line 52
   at Confluence.Blueprint.DocumentManager.DocumentManager.ConvertToMht(String SourceFile, String FileType) in C:\My Folder\Projects\eqms\SourceCode\DocumentManager\DocumentManager.cs:line 70
   at Confluence.Blueprint.Web.Helpers.DocumentHelper.ConvertToMht(String SourceFile, String FileType) in C:\My Folder\Projects\eqms\SourceCode\Web\Helpers\DocumentHelper.cs:line 27
   at Confluence.Blueprint.Web.Controllers.DMS.DocumentLibraryController.Viewer(String SourceFile, String FileType, String DocNumber, String DocVer, String FileName) in C:\My Folder\Projects\eqms\SourceCode\Web\Controllers\DocumentLibrary\DocumentLibraryController.cs:line 176
2013-11-01 21:42:43.6025 INFO    at Microsoft.Office.Interop.Word.Documents.Open(Object& FileName, Object& ConfirmConversions, Object& ReadOnly, Object& AddToRecentFiles, Object& PasswordDocument, Object& PasswordTemplate, Object& Revert, Object& WritePasswordDocument, Object& WritePasswordTemplate, Object& Format, Object& Encoding, Object& Visible, Object& OpenAndRepair, Object& DocumentDirection, Object& NoEncodingDialog, Object& XMLTransform)
   at Confluence.Blueprint.DocumentManager.DocConverter.WordDocConverter.Convert() in C:\My Folder\Projects\eqms\SourceCode\DocumentManager\DocConverter\WordDocConverter.cs:line 52
   at Confluence.Blueprint.DocumentManager.DocumentManager.ConvertToMht(String SourceFile, String FileType) in C:\My Folder\Projects\eqms\SourceCode\DocumentManager\DocumentManager.cs:line 70
   at Confluence.Blueprint.Web.Helpers.DocumentHelper.ConvertToMht(String SourceFile, String FileType) in C:\My Folder\Projects\eqms\SourceCode\Web\Helpers\DocumentHelper.cs:line 27
   at Confluence.Blueprint.Web.Controllers.DMS.DocumentLibraryController.Viewer(String SourceFile, String FileType, String DocNumber, String DocVer, String FileName) in C:\My Folder\Projects\eqms\SourceCode\Web\Controllers\DocumentLibrary\DocumentLibraryController.cs:line 176
2013-11-01 21:53:55.5920 INFO Application started.
2013-11-01 21:56:32.4459 INFO Application started.
2013-11-01 21:57:41.1669 ERROR Executing UserController.Execute (requestContext=System.Web.Routing.RequestContext,) InvalidCastException caught:    at Confluence.Blueprint.Web.Areas.Admin.Controllers.UserController.UploadCertificates() in C:\My Folder\Projects\eqms\SourceCode\Web\Areas\Admin\Controllers\UserController.cs:line 43
   at lambda_method(Closure , ControllerBase , Object[] )
   at System.Web.Mvc.ActionMethodDispatcher.<>c__DisplayClass1.<WrapVoidAction>b__0(ControllerBase controller, Object[] parameters)
   at System.Web.Mvc.ActionMethodDispatcher.Execute(ControllerBase controller, Object[] parameters)
   at System.Web.Mvc.ReflectedActionDescriptor.Execute(ControllerContext controllerContext, IDictionary`2 parameters)
   at System.Web.Mvc.ControllerActionInvoker.InvokeActionMethod(ControllerContext controllerContext, ActionDescriptor actionDescriptor, IDictionary`2 parameters)
   at System.Web.Mvc.ControllerActionInvoker.<>c__DisplayClass15.<InvokeActionMethodWithFilters>b__12()
   at System.Web.Mvc.ControllerActionInvoker.InvokeActionMethodFilter(IActionFilter filter, ActionExecutingContext preContext, Func`1 continuation)
   at System.Web.Mvc.ControllerActionInvoker.<>c__DisplayClass15.<>c__DisplayClass17.<InvokeActionMethodWithFilters>b__14()
   at System.Web.Mvc.ControllerActionInvoker.InvokeActionMethodWithFilters(ControllerContext controllerContext, IList`1 filters, ActionDescriptor actionDescriptor, IDictionary`2 parameters)
   at System.Web.Mvc.ControllerActionInvoker.InvokeAction(ControllerContext controllerContext, String actionName)
   at System.Web.Mvc.Controller.ExecuteCore()
   at System.Web.Mvc.ControllerBase.Execute(RequestContext requestContext)
   at (Object , Object[] )
   at Ninject.Extensions.Interception.Injection.Dynamic.DynamicMethodInjector.Invoke(Object target, Object[] arguments) in c:\Projects\Ninject\ninject.extensions.interception\src\Ninject.Extensions.Interception\Injection\Dynamic\DynamicMethodInjector.cs:line 54
   at Ninject.Extensions.Interception.Invocation.Invocation.CallTargetMethod() in c:\Projects\Ninject\ninject.extensions.interception\src\Ninject.Extensions.Interception\Invocation\Invocation.cs:line 55
   at Ninject.Extensions.Interception.Invocation.InvocationBase.Proceed() in c:\Projects\Ninject\ninject.extensions.interception\src\Ninject.Extensions.Interception\Invocation\InvocationBase.cs:line 79
   at Confluence.Blueprint.Web.Infrastructure.Logging.ExceptionInterceptor.Intercept(IInvocation invocation) in C:\My Folder\Projects\eqms\SourceCode\Web\Infrastructure\Logging\ExceptionInterceptor.cs:line 27)
2013-11-01 21:57:41.1859 ERROR Executing UserController.Execute (requestContext=System.Web.Routing.RequestContext,) InvalidCastException caught:    at Confluence.Blueprint.Web.Areas.Admin.Controllers.UserController.UploadCertificates() in C:\My Folder\Projects\eqms\SourceCode\Web\Areas\Admin\Controllers\UserController.cs:line 43
   at lambda_method(Closure , ControllerBase , Object[] )
   at System.Web.Mvc.ActionMethodDispatcher.<>c__DisplayClass1.<WrapVoidAction>b__0(ControllerBase controller, Object[] parameters)
   at System.Web.Mvc.ActionMethodDispatcher.Execute(ControllerBase controller, Object[] parameters)
   at System.Web.Mvc.ReflectedActionDescriptor.Execute(ControllerContext controllerContext, IDictionary`2 parameters)
   at System.Web.Mvc.ControllerActionInvoker.InvokeActionMethod(ControllerContext controllerContext, ActionDescriptor actionDescriptor, IDictionary`2 parameters)
   at System.Web.Mvc.ControllerActionInvoker.<>c__DisplayClass15.<InvokeActionMethodWithFilters>b__12()
   at System.Web.Mvc.ControllerActionInvoker.InvokeActionMethodFilter(IActionFilter filter, ActionExecutingContext preContext, Func`1 continuation)
   at System.Web.Mvc.ControllerActionInvoker.<>c__DisplayClass15.<>c__DisplayClass17.<InvokeActionMethodWithFilters>b__14()
   at System.Web.Mvc.ControllerActionInvoker.InvokeActionMethodWithFilters(ControllerContext controllerContext, IList`1 filters, ActionDescriptor actionDescriptor, IDictionary`2 parameters)
   at System.Web.Mvc.ControllerActionInvoker.InvokeAction(ControllerContext controllerContext, String actionName)
   at System.Web.Mvc.Controller.ExecuteCore()
   at System.Web.Mvc.ControllerBase.Execute(RequestContext requestContext)
   at (Object , Object[] )
   at Ninject.Extensions.Interception.Injection.Dynamic.DynamicMethodInjector.Invoke(Object target, Object[] arguments) in c:\Projects\Ninject\ninject.extensions.interception\src\Ninject.Extensions.Interception\Injection\Dynamic\DynamicMethodInjector.cs:line 54
   at Ninject.Extensions.Interception.Invocation.Invocation.CallTargetMethod() in c:\Projects\Ninject\ninject.extensions.interception\src\Ninject.Extensions.Interception\Invocation\Invocation.cs:line 55
   at Ninject.Extensions.Interception.Invocation.InvocationBase.Proceed() in c:\Projects\Ninject\ninject.extensions.interception\src\Ninject.Extensions.Interception\Invocation\InvocationBase.cs:line 79
   at Confluence.Blueprint.Web.Infrastructure.Logging.ExceptionInterceptor.Intercept(IInvocation invocation) in C:\My Folder\Projects\eqms\SourceCode\Web\Infrastructure\Logging\ExceptionInterceptor.cs:line 41
   at Ninject.Extensions.Interception.Invocation.InvocationBase.Proceed() in c:\Projects\Ninject\ninject.extensions.interception\src\Ninject.Extensions.Interception\Invocation\InvocationBase.cs:line 75
   at Confluence.Blueprint.Web.Infrastructure.Logging.ExceptionInterceptor.Intercept(IInvocation invocation) in C:\My Folder\Projects\eqms\SourceCode\Web\Infrastructure\Logging\ExceptionInterceptor.cs:line 27)
2013-11-01 21:58:54.2100 INFO Application started.
2013-11-01 22:16:20.3319 INFO Application started.
2013-11-01 22:20:03.7617 INFO Application started.
2013-11-01 22:34:56.5807 INFO Application started.
